<?xml version="1.0" encoding="UTF-8"?>
<!-- Generated by org.testng.reporters.JUnitXMLReporter -->
<testsuite hostname="DESKTOP-MAF27AG" ignored="1" name="Test" tests="2" failures="0" timestamp="20 Mar 2021 09:14:53 GMT" time="29.218" errors="0">
  <testcase name="ContactsLinkTest" time="1.627" classname="com.crm.testcases.HomePageTest"/>
  <testcase name="HomePageTitleTest" time="0.01" classname="com.crm.testcases.HomePageTest"/>
  <testcase name="createContactTest" time="0.0" classname="com.crm.testcases.ContactsPageTest">
    <ignored/>
  </testcase> <!-- createContactTest -->
</testsuite> <!-- Test -->
