<?xml version="1.0" encoding="UTF-8"?>
<testng-results skipped="0" failed="0" ignored="0" total="2" passed="2">
  <reporter-output>
  </reporter-output>
  <suite name="FreeCRMApplicationTestSuite" duration-ms="26753" started-at="2021-03-20T17:47:49Z" finished-at="2021-03-20T17:48:16Z">
    <groups>
    </groups>
    <test name="FreeCRMTest" duration-ms="26753" started-at="2021-03-20T17:47:49Z" finished-at="2021-03-20T17:48:16Z">
      <class name="com.crm.testcases.HomePageTest">
        <test-method status="PASS" signature="setup()[pri:0, instance:com.crm.testcases.HomePageTest@6f3b5d16]" name="setup" is-config="true" duration-ms="12282" started-at="2021-03-20T17:47:49Z" finished-at="2021-03-20T17:48:01Z">
          <reporter-output>
          </reporter-output>
        </test-method> <!-- setup -->
        <test-method status="PASS" signature="ContactsLinkTest()[pri:0, instance:com.crm.testcases.HomePageTest@6f3b5d16]" name="ContactsLinkTest" duration-ms="1249" started-at="2021-03-20T17:48:01Z" finished-at="2021-03-20T17:48:02Z">
          <reporter-output>
          </reporter-output>
        </test-method> <!-- ContactsLinkTest -->
        <test-method status="PASS" signature="teardown()[pri:0, instance:com.crm.testcases.HomePageTest@6f3b5d16]" name="teardown" is-config="true" duration-ms="92" started-at="2021-03-20T17:48:02Z" finished-at="2021-03-20T17:48:03Z">
          <reporter-output>
          </reporter-output>
        </test-method> <!-- teardown -->
        <test-method status="PASS" signature="setup()[pri:0, instance:com.crm.testcases.HomePageTest@6f3b5d16]" name="setup" is-config="true" duration-ms="13046" started-at="2021-03-20T17:48:03Z" finished-at="2021-03-20T17:48:16Z">
          <reporter-output>
          </reporter-output>
        </test-method> <!-- setup -->
        <test-method status="PASS" signature="HomePageTitleTest()[pri:0, instance:com.crm.testcases.HomePageTest@6f3b5d16]" name="HomePageTitleTest" duration-ms="4" started-at="2021-03-20T17:48:16Z" finished-at="2021-03-20T17:48:16Z">
          <reporter-output>
          </reporter-output>
        </test-method> <!-- HomePageTitleTest -->
        <test-method status="PASS" signature="teardown()[pri:0, instance:com.crm.testcases.HomePageTest@6f3b5d16]" name="teardown" is-config="true" duration-ms="60" started-at="2021-03-20T17:48:16Z" finished-at="2021-03-20T17:48:16Z">
          <reporter-output>
          </reporter-output>
        </test-method> <!-- teardown -->
      </class> <!-- com.crm.testcases.HomePageTest -->
    </test> <!-- FreeCRMTest -->
  </suite> <!-- FreeCRMApplicationTestSuite -->
</testng-results>
