<?xml version="1.0" encoding="UTF-8"?>
<testng-results skipped="0" failed="0" ignored="0" total="2" passed="2">
  <reporter-output>
  </reporter-output>
  <suite name="FreeCRMApplicationTestSuite" duration-ms="34025" started-at="2021-03-20T18:06:24Z" finished-at="2021-03-20T18:06:58Z">
    <groups>
    </groups>
    <test name="FreeCRMTest" duration-ms="34025" started-at="2021-03-20T18:06:24Z" finished-at="2021-03-20T18:06:58Z">
      <class name="com.crm.testcases.HomePageTest">
        <test-method status="PASS" signature="setup()[pri:0, instance:com.crm.testcases.HomePageTest@71b1176b]" name="setup" is-config="true" duration-ms="13383" started-at="2021-03-20T18:06:24Z" finished-at="2021-03-20T18:06:38Z">
          <reporter-output>
          </reporter-output>
        </test-method> <!-- setup -->
        <test-method status="PASS" signature="ContactsLinkTest()[pri:0, instance:com.crm.testcases.HomePageTest@71b1176b]" name="ContactsLinkTest" duration-ms="1236" started-at="2021-03-20T18:06:38Z" finished-at="2021-03-20T18:06:39Z">
          <reporter-output>
          </reporter-output>
        </test-method> <!-- ContactsLinkTest -->
        <test-method status="PASS" signature="teardown()[pri:0, instance:com.crm.testcases.HomePageTest@71b1176b]" name="teardown" is-config="true" duration-ms="66" started-at="2021-03-20T18:06:39Z" finished-at="2021-03-20T18:06:39Z">
          <reporter-output>
          </reporter-output>
        </test-method> <!-- teardown -->
        <test-method status="PASS" signature="setup()[pri:0, instance:com.crm.testcases.HomePageTest@71b1176b]" name="setup" is-config="true" duration-ms="19214" started-at="2021-03-20T18:06:39Z" finished-at="2021-03-20T18:06:58Z">
          <reporter-output>
          </reporter-output>
        </test-method> <!-- setup -->
        <test-method status="PASS" signature="HomePageTitleTest()[pri:0, instance:com.crm.testcases.HomePageTest@71b1176b]" name="HomePageTitleTest" duration-ms="6" started-at="2021-03-20T18:06:58Z" finished-at="2021-03-20T18:06:58Z">
          <reporter-output>
          </reporter-output>
        </test-method> <!-- HomePageTitleTest -->
        <test-method status="PASS" signature="teardown()[pri:0, instance:com.crm.testcases.HomePageTest@71b1176b]" name="teardown" is-config="true" duration-ms="101" started-at="2021-03-20T18:06:58Z" finished-at="2021-03-20T18:06:58Z">
          <reporter-output>
          </reporter-output>
        </test-method> <!-- teardown -->
      </class> <!-- com.crm.testcases.HomePageTest -->
    </test> <!-- FreeCRMTest -->
  </suite> <!-- FreeCRMApplicationTestSuite -->
</testng-results>
